<?xml version="1.0" encoding="UTF-8"?>
<!-- Generated by org.testng.reporters.JUnitReportReporter -->
<testsuite hostname="admin-PC" failures="0" tests="1" name="suiteA.TestA1" time="0.009" errors="0" timestamp="23 Jun 2019 12:38:47 GMT" skipped="0">
  <testcase classname="suiteA.TestA1" name="TestAA1" time="0.009"/>
</testsuite> <!-- suiteA.TestA1 -->
