<?xml version="1.0" encoding="UTF-8"?>
<!-- Generated by org.testng.reporters.JUnitReportReporter -->
<testsuite hostname="admin-PC" failures="0" tests="1" name="suiteA.TestA2" time="0.000" errors="0" timestamp="23 Jun 2019 12:38:47 GMT" skipped="0">
  <testcase classname="suiteA.TestA2" name="TestAA2" time="0.000"/>
</testsuite> <!-- suiteA.TestA2 -->
