<?xml version="1.0" encoding="UTF-8"?>
<!-- Generated by org.testng.reporters.JUnitReportReporter -->
<testsuite hostname="admin-PC" failures="0" tests="1" name="suiteB.TestB2" time="0.000" errors="0" timestamp="23 Jun 2019 12:38:47 GMT" skipped="0">
  <testcase classname="suiteB.TestB2" name="TestBB2" time="0.000"/>
</testsuite> <!-- suiteB.TestB2 -->
